<?xml version="1.0" encoding="UTF-8"?>
<testsuite name="Login Test"
           tests="3"
           failures="0"
           errors="0"
           skipped="0"
           time="7.650">
  <properties />
  
  
            <testcase name="verifyThatFirstNameLastNameEmailPasswordAndConfirmPasswordFieldsAreMandatory" time="1.724" classname="com.nopcommerce.demo.testsuite.RegisterPageTest" />
                <testcase name="verifyThatUserShouldCreateAccountSuccessfully" time="3.499" classname="com.nopcommerce.demo.testsuite.RegisterPageTest" />
                <testcase name="userNavigateToRegisterPageSuccessFully" time="2.427" classname="com.nopcommerce.demo.testsuite.RegisterPageTest" />
      
</testsuite>
